./api_results/awsverify/dataset1/matt_03_leo_awsverify_triplet_hing_ds1_1.npz does not exist
./api_results/awsverify/dataset1/matt_03_leo_awsverify_triplet_hing_ds1_2.npz does not exist
./api_results/awsverify/dataset3/matt_03_leo_awsverify_triplet_hing_ds3_1.npz does not exist
./api_results/awsverify/dataset3/matt_03_leo_awsverify_triplet_hing_ds3_2.npz does not exist
./api_results/awsverify/dataset4/matt_03_leo_awsverify_triplet_hing_ds4_1.npz does not exist
./api_results/awsverify/dataset4/matt_03_leo_awsverify_triplet_hing_ds4_2.npz does not exist
./api_results/awsverify/dataset1/matt_03_leo_awsverify_triplet_targ_ds1_1.npz does not exist
./api_results/awsverify/dataset1/matt_03_leo_awsverify_triplet_targ_ds1_2.npz does not exist
./api_results/awsverify/dataset3/matt_03_leo_awsverify_triplet_targ_ds3_1.npz does not exist
./api_results/awsverify/dataset3/matt_03_leo_awsverify_triplet_targ_ds3_2.npz does not exist
./api_results/awsverify/dataset4/matt_03_leo_awsverify_triplet_targ_ds4_1.npz does not exist
./api_results/awsverify/dataset4/matt_03_leo_awsverify_triplet_targ_ds4_2.npz does not exist
./api_results/awsverify/dataset1/matt_03_leo_awsverify_center_hing_ds1_1.npz does not exist
./api_results/awsverify/dataset1/matt_03_leo_awsverify_center_hing_ds1_2.npz does not exist
./api_results/awsverify/dataset4/matt_03_leo_awsverify_center_hing_ds4_1.npz does not exist
./api_results/awsverify/dataset4/matt_03_leo_awsverify_center_hing_ds4_2.npz does not exist
./api_results/awsverify/dataset1/matt_03_leo_awsverify_center_targ_ds1_1.npz does not exist
./api_results/awsverify/dataset1/matt_03_leo_awsverify_center_targ_ds1_2.npz does not exist
./api_results/awsverify/dataset3/matt_03_leo_awsverify_center_targ_ds3_1.npz does not exist
./api_results/awsverify/dataset3/matt_03_leo_awsverify_center_targ_ds3_2.npz does not exist
./api_results/awsverify/dataset4/matt_03_leo_awsverify_center_targ_ds4_1.npz does not exist
./api_results/awsverify/dataset4/matt_03_leo_awsverify_center_targ_ds4_2.npz does not exist
./api_results/awsverify/dataset1/matt_03_leo_awsverify_large_hing_ds1_1.npz does not exist
./api_results/awsverify/dataset1/matt_03_leo_awsverify_large_hing_ds1_2.npz does not exist
./api_results/awsverify/dataset2/matt_03_leo_awsverify_large_hing_ds2_1.npz does not exist
./api_results/awsverify/dataset2/matt_03_leo_awsverify_large_hing_ds2_2.npz does not exist
./api_results/awsverify/dataset3/matt_03_leo_awsverify_large_hing_ds3_1.npz does not exist
./api_results/awsverify/dataset3/matt_03_leo_awsverify_large_hing_ds3_2.npz does not exist
./api_results/awsverify/dataset4/matt_03_leo_awsverify_large_hing_ds4_1.npz does not exist
./api_results/awsverify/dataset4/matt_03_leo_awsverify_large_hing_ds4_2.npz does not exist
./api_results/awsverify/dataset1/matt_03_leo_awsverify_large_targ_ds1_1.npz does not exist
./api_results/awsverify/dataset1/matt_03_leo_awsverify_large_targ_ds1_2.npz does not exist
./api_results/awsverify/dataset2/matt_03_leo_awsverify_large_targ_ds2_1.npz does not exist
./api_results/awsverify/dataset2/matt_03_leo_awsverify_large_targ_ds2_2.npz does not exist
./api_results/awsverify/dataset3/matt_03_leo_awsverify_large_targ_ds3_1.npz does not exist
./api_results/awsverify/dataset3/matt_03_leo_awsverify_large_targ_ds3_2.npz does not exist
./api_results/awsverify/dataset4/matt_03_leo_awsverify_large_targ_ds4_1.npz does not exist
./api_results/awsverify/dataset4/matt_03_leo_awsverify_large_targ_ds4_2.npz does not exist
