./api_results/azure/dataset1/matt_03_leo_azure_triplet_hing_ds1_1.npz does not exist
./api_results/azure/dataset1/matt_03_leo_azure_triplet_hing_ds1_2.npz does not exist
./api_results/azure/dataset3/matt_03_leo_azure_triplet_hing_ds3_1.npz does not exist
./api_results/azure/dataset3/matt_03_leo_azure_triplet_hing_ds3_2.npz does not exist
./api_results/azure/dataset4/matt_03_leo_azure_triplet_hing_ds4_1.npz does not exist
./api_results/azure/dataset4/matt_03_leo_azure_triplet_hing_ds4_2.npz does not exist
./api_results/azure/dataset1/matt_03_leo_azure_triplet_targ_ds1_1.npz does not exist
./api_results/azure/dataset1/matt_03_leo_azure_triplet_targ_ds1_2.npz does not exist
./api_results/azure/dataset3/matt_03_leo_azure_triplet_targ_ds3_1.npz does not exist
./api_results/azure/dataset3/matt_03_leo_azure_triplet_targ_ds3_2.npz does not exist
./api_results/azure/dataset4/matt_03_leo_azure_triplet_targ_ds4_1.npz does not exist
./api_results/azure/dataset4/matt_03_leo_azure_triplet_targ_ds4_2.npz does not exist
./api_results/azure/dataset1/matt_03_leo_azure_center_hing_ds1_1.npz does not exist
./api_results/azure/dataset1/matt_03_leo_azure_center_hing_ds1_2.npz does not exist
./api_results/azure/dataset4/matt_03_leo_azure_center_hing_ds4_2.npz does not exist
./api_results/azure/dataset1/matt_03_leo_azure_center_targ_ds1_1.npz does not exist
./api_results/azure/dataset1/matt_03_leo_azure_center_targ_ds1_2.npz does not exist
./api_results/azure/dataset3/matt_03_leo_azure_center_targ_ds3_1.npz does not exist
./api_results/azure/dataset3/matt_03_leo_azure_center_targ_ds3_2.npz does not exist
./api_results/azure/dataset4/matt_03_leo_azure_center_targ_ds4_1.npz does not exist
./api_results/azure/dataset4/matt_03_leo_azure_center_targ_ds4_2.npz does not exist
./api_results/azure/dataset1/matt_03_leo_azure_large_hing_ds1_1.npz does not exist
./api_results/azure/dataset1/matt_03_leo_azure_large_hing_ds1_2.npz does not exist
./api_results/azure/dataset2/matt_03_leo_azure_large_hing_ds2_1.npz does not exist
./api_results/azure/dataset2/matt_03_leo_azure_large_hing_ds2_2.npz does not exist
./api_results/azure/dataset3/matt_03_leo_azure_large_hing_ds3_1.npz does not exist
./api_results/azure/dataset3/matt_03_leo_azure_large_hing_ds3_2.npz does not exist
./api_results/azure/dataset4/matt_03_leo_azure_large_hing_ds4_1.npz does not exist
./api_results/azure/dataset4/matt_03_leo_azure_large_hing_ds4_2.npz does not exist
./api_results/azure/dataset1/matt_03_leo_azure_large_targ_ds1_1.npz does not exist
./api_results/azure/dataset1/matt_03_leo_azure_large_targ_ds1_2.npz does not exist
./api_results/azure/dataset2/matt_03_leo_azure_large_targ_ds2_1.npz does not exist
./api_results/azure/dataset2/matt_03_leo_azure_large_targ_ds2_2.npz does not exist
./api_results/azure/dataset3/matt_03_leo_azure_large_targ_ds3_1.npz does not exist
./api_results/azure/dataset3/matt_03_leo_azure_large_targ_ds3_2.npz does not exist
./api_results/azure/dataset4/matt_03_leo_azure_large_targ_ds4_1.npz does not exist
./api_results/azure/dataset4/matt_03_leo_azure_large_targ_ds4_2.npz does not exist
